0 info it worked if it ends with ok
1 verbose cli [ '/usr/local/bin/node',
1 verbose cli   '/usr/local/bin/npm',
1 verbose cli   'version',
1 verbose cli   'patch' ]
2 info using npm@2.11.3
3 info using node@v0.12.7
4 info preversion xmlsonator@0.0.36
5 info git [ 'status', '--porcelain' ]
6 verbose stack Error: Error: Git working directory not clean.
6 verbose stack D  .gitignore
6 verbose stack D  contributors.txt
6 verbose stack D  lib/binding.gyp
6 verbose stack D  lib/vendor/libxml/DOCBparser.c
6 verbose stack D  lib/vendor/libxml/HTMLparser.c
6 verbose stack D  lib/vendor/libxml/HTMLtree.c
6 verbose stack D  lib/vendor/libxml/SAX.c
6 verbose stack D  lib/vendor/libxml/SAX2.c
6 verbose stack D  lib/vendor/libxml/buf.c
6 verbose stack D  lib/vendor/libxml/buf.h
6 verbose stack D  lib/vendor/libxml/c14n.c
6 verbose stack D  lib/vendor/libxml/catalog.c
6 verbose stack D  lib/vendor/libxml/chvalid.c
6 verbose stack D  lib/vendor/libxml/config.h
6 verbose stack D  lib/vendor/libxml/debugXML.c
6 verbose stack D  lib/vendor/libxml/dict.c
6 verbose stack D  lib/vendor/libxml/elfgcchack.h
6 verbose stack D  lib/vendor/libxml/enc.h
6 verbose stack D  lib/vendor/libxml/encoding.c
6 verbose stack D  lib/vendor/libxml/entities.c
6 verbose stack D  lib/vendor/libxml/error.c
6 verbose stack D  lib/vendor/libxml/globals.c
6 verbose stack D  lib/vendor/libxml/hash.c
6 verbose stack D  lib/vendor/libxml/include/libxml/DOCBparser.h
6 verbose stack D  lib/vendor/libxml/include/libxml/HTMLparser.h
6 verbose stack D  lib/vendor/libxml/include/libxml/HTMLtree.h
6 verbose stack D  lib/vendor/libxml/include/libxml/Makefile
6 verbose stack D  lib/vendor/libxml/include/libxml/Makefile.am
6 verbose stack D  lib/vendor/libxml/include/libxml/Makefile.in
6 verbose stack D  lib/vendor/libxml/include/libxml/SAX.h
6 verbose stack D  lib/vendor/libxml/include/libxml/SAX2.h
6 verbose stack D  lib/vendor/libxml/include/libxml/c14n.h
6 verbose stack D  lib/vendor/libxml/include/libxml/catalog.h
6 verbose stack D  lib/vendor/libxml/include/libxml/chvalid.h
6 verbose stack D  lib/vendor/libxml/include/libxml/debugXML.h
6 verbose stack D  lib/vendor/libxml/include/libxml/dict.h
6 verbose stack D  lib/vendor/libxml/include/libxml/encoding.h
6 verbose stack D  lib/vendor/libxml/include/libxml/entities.h
6 verbose stack D  lib/vendor/libxml/include/libxml/globals.h
6 verbose stack D  lib/vendor/libxml/include/libxml/hash.h
6 verbose stack D  lib/vendor/libxml/include/libxml/list.h
6 verbose stack D  lib/vendor/libxml/include/libxml/nanoftp.h
6 verbose stack D  lib/vendor/libxml/include/libxml/nanohttp.h
6 verbose stack D  lib/vendor/libxml/include/libxml/parser.h
6 verbose stack D  lib/vendor/libxml/include/libxml/parserInternals.h
6 verbose stack D  lib/vendor/libxml/include/libxml/pattern.h
6 verbose stack D  lib/vendor/libxml/include/libxml/relaxng.h
6 verbose stack D  lib/vendor/libxml/include/libxml/schemasInternals.h
6 verbose stack D  lib/vendor/libxml/include/libxml/schematron.h
6 verbose stack D  lib/vendor/libxml/include/libxml/threads.h
6 verbose stack D  lib/vendor/libxml/include/libxml/tree.h
6 verbose stack D  lib/vendor/libxml/include/libxml/uri.h
6 verbose stack D  lib/vendor/libxml/include/libxml/valid.h
6 verbose stack D  lib/vendor/libxml/include/libxml/xinclude.h
6 verbose stack D  lib/vendor/libxml/include/libxml/xlink.h
6 verbose stack D  lib/vendor/libxml/include/libxml/xmlIO.h
6 verbose stack D  lib/vendor/libxml/include/libxml/xmlautomata.h
6 verbose stack D  lib/vendor/libxml/include/libxml/xmlerror.h
6 verbose stack D  lib/vendor/libxml/include/libxml/xmlexports.h
6 verbose stack D  lib/vendor/libxml/include/libxml/xmlmemory.h
6 verbose stack D  lib/vendor/libxml/include/libxml/xmlmodule.h
6 verbose stack D  lib/vendor/libxml/include/libxml/xmlreader.h
6 verbose stack D  lib/vendor/libxml/include/libxml/xmlregexp.h
6 verbose stack D  lib/vendor/libxml/include/libxml/xmlsave.h
6 verbose stack D  lib/vendor/libxml/include/libxml/xmlschemas.h
6 verbose stack D  lib/vendor/libxml/include/libxml/xmlschemastypes.h
6 verbose stack D  lib/vendor/libxml/include/libxml/xmlstring.h
6 verbose stack D  lib/vendor/libxml/include/libxml/xmlunicode.h
6 verbose stack D  lib/vendor/libxml/include/libxml/xmlversion.h
6 verbose stack D  lib/vendor/libxml/include/libxml/xmlwriter.h
6 verbose stack D  lib/vendor/libxml/include/libxml/xpath.h
6 verbose stack D  lib/vendor/libxml/include/libxml/xpathInternals.h
6 verbose stack D  lib/vendor/libxml/include/libxml/xpointer.h
6 verbose stack D  lib/vendor/libxml/include/win32config.h
6 verbose stack D  lib/vendor/libxml/include/wsockcompat.h
6 verbose stack D  lib/vendor/libxml/legacy.c
6 verbose stack D  lib/vendor/libxml/libxml.gyp
6 verbose stack D  lib/vendor/libxml/libxml.h
6 verbose stack D  lib/vendor/libxml/list.c
6 verbose stack D  lib/vendor/libxml/nanoftp.c
6 verbose stack D  lib/vendor/libxml/nanohttp.c
6 verbose stack D  lib/vendor/libxml/parser.c
6 verbose stack D  lib/vendor/libxml/parserInternals.c
6 verbose stack D  lib/vendor/libxml/pattern.c
6 verbose stack D  lib/vendor/libxml/relaxng.c
6 verbose stack D  lib/vendor/libxml/runsuite.c
6 verbose stack D  lib/vendor/libxml/save.h
6 verbose stack D  lib/vendor/libxml/schematron.c
6 verbose stack D  lib/vendor/libxml/threads.c
6 verbose stack D  lib/vendor/libxml/timsort.h
6 verbose stack D  lib/vendor/libxml/tree.c
6 verbose stack D  lib/vendor/libxml/trio.c
6 verbose stack D  lib/vendor/libxml/trio.h
6 verbose stack D  lib/vendor/libxml/triodef.h
6 verbose stack D  lib/vendor/libxml/trionan.c
6 verbose stack D  lib/vendor/libxml/trionan.h
6 verbose stack D  lib/vendor/libxml/triop.h
6 verbose stack D  lib/vendor/libxml/triostr.c
6 verbose stack D  lib/vendor/libxml/triostr.h
6 verbose stack D  lib/vendor/libxml/uri.c
6 verbose stack D  lib/vendor/libxml/valid.c
6 verbose stack D  lib/vendor/libxml/xinclude.c
6 verbose stack D  lib/vendor/libxml/xlink.c
6 verbose stack D  lib/vendor/libxml/xmlIO.c
6 verbose stack D  lib/vendor/libxml/xmlcatalog.c
6 verbose stack D  lib/vendor/libxml/xmllint.c
6 verbose stack D  lib/vendor/libxml/xmlmemory.c
6 verbose stack D  lib/vendor/libxml/xmlmodule.c
6 verbose stack D  lib/vendor/libxml/xmlreader.c
6 verbose stack D  lib/vendor/libxml/xmlregexp.c
6 verbose stack D  lib/vendor/libxml/xmlsave.c
6 verbose stack D  lib/vendor/libxml/xmlschemas.c
6 verbose stack D  lib/vendor/libxml/xmlschemastypes.c
6 verbose stack D  lib/vendor/libxml/xmlstring.c
6 verbose stack D  lib/vendor/libxml/xmlunicode.c
6 verbose stack D  lib/vendor/libxml/xmlwriter.c
6 verbose stack D  lib/vendor/libxml/xpath.c
6 verbose stack D  lib/vendor/libxml/xpointer.c
6 verbose stack D  lib/vendor/libxml/xzlib.c
6 verbose stack D  lib/vendor/libxml/xzlib.h
6 verbose stack D  lib/xmlsonator.cc
6 verbose stack D  package.json
6 verbose stack D  readme.md
6 verbose stack D  src/npm-debug.log
6 verbose stack D  src/test.js
6 verbose stack D  src/xml/xml1
6 verbose stack D  src/xml/xml10
6 verbose stack D  src/xml/xml11
6 verbose stack D  src/xml/xml12
6 verbose stack D  src/xml/xml2
6 verbose stack D  src/xml/xml3
6 verbose stack D  src/xml/xml4
6 verbose stack D  src/xml/xml5
6 verbose stack D  src/xml/xml6
6 verbose stack D  src/xml/xml7
6 verbose stack D  src/xml/xml8
6 verbose stack D  src/xml/xml9
6 verbose stack D  src/xmlsonator.js
6 verbose stack     at /usr/local/lib/node_modules/npm/lib/version.js:71:23
6 verbose stack     at /usr/local/lib/node_modules/npm/lib/version.js:151:34
6 verbose stack     at ChildProcess.exithandler (child_process.js:742:7)
6 verbose stack     at ChildProcess.emit (events.js:110:17)
6 verbose stack     at maybeClose (child_process.js:1015:16)
6 verbose stack     at Socket.<anonymous> (child_process.js:1183:11)
6 verbose stack     at Socket.emit (events.js:107:17)
6 verbose stack     at Pipe.close (net.js:485:12)
7 verbose cwd /home/andrew/xmlsonator
8 error Linux 3.13.0-37-generic
9 error argv "/usr/local/bin/node" "/usr/local/bin/npm" "version" "patch"
10 error node v0.12.7
11 error npm  v2.11.3
12 error Error: Git working directory not clean.
12 error D  .gitignore
12 error D  contributors.txt
12 error D  lib/binding.gyp
12 error D  lib/vendor/libxml/DOCBparser.c
12 error D  lib/vendor/libxml/HTMLparser.c
12 error D  lib/vendor/libxml/HTMLtree.c
12 error D  lib/vendor/libxml/SAX.c
12 error D  lib/vendor/libxml/SAX2.c
12 error D  lib/vendor/libxml/buf.c
12 error D  lib/vendor/libxml/buf.h
12 error D  lib/vendor/libxml/c14n.c
12 error D  lib/vendor/libxml/catalog.c
12 error D  lib/vendor/libxml/chvalid.c
12 error D  lib/vendor/libxml/config.h
12 error D  lib/vendor/libxml/debugXML.c
12 error D  lib/vendor/libxml/dict.c
12 error D  lib/vendor/libxml/elfgcchack.h
12 error D  lib/vendor/libxml/enc.h
12 error D  lib/vendor/libxml/encoding.c
12 error D  lib/vendor/libxml/entities.c
12 error D  lib/vendor/libxml/error.c
12 error D  lib/vendor/libxml/globals.c
12 error D  lib/vendor/libxml/hash.c
12 error D  lib/vendor/libxml/include/libxml/DOCBparser.h
12 error D  lib/vendor/libxml/include/libxml/HTMLparser.h
12 error D  lib/vendor/libxml/include/libxml/HTMLtree.h
12 error D  lib/vendor/libxml/include/libxml/Makefile
12 error D  lib/vendor/libxml/include/libxml/Makefile.am
12 error D  lib/vendor/libxml/include/libxml/Makefile.in
12 error D  lib/vendor/libxml/include/libxml/SAX.h
12 error D  lib/vendor/libxml/include/libxml/SAX2.h
12 error D  lib/vendor/libxml/include/libxml/c14n.h
12 error D  lib/vendor/libxml/include/libxml/catalog.h
12 error D  lib/vendor/libxml/include/libxml/chvalid.h
12 error D  lib/vendor/libxml/include/libxml/debugXML.h
12 error D  lib/vendor/libxml/include/libxml/dict.h
12 error D  lib/vendor/libxml/include/libxml/encoding.h
12 error D  lib/vendor/libxml/include/libxml/entities.h
12 error D  lib/vendor/libxml/include/libxml/globals.h
12 error D  lib/vendor/libxml/include/libxml/hash.h
12 error D  lib/vendor/libxml/include/libxml/list.h
12 error D  lib/vendor/libxml/include/libxml/nanoftp.h
12 error D  lib/vendor/libxml/include/libxml/nanohttp.h
12 error D  lib/vendor/libxml/include/libxml/parser.h
12 error D  lib/vendor/libxml/include/libxml/parserInternals.h
12 error D  lib/vendor/libxml/include/libxml/pattern.h
12 error D  lib/vendor/libxml/include/libxml/relaxng.h
12 error D  lib/vendor/libxml/include/libxml/schemasInternals.h
12 error D  lib/vendor/libxml/include/libxml/schematron.h
12 error D  lib/vendor/libxml/include/libxml/threads.h
12 error D  lib/vendor/libxml/include/libxml/tree.h
12 error D  lib/vendor/libxml/include/libxml/uri.h
12 error D  lib/vendor/libxml/include/libxml/valid.h
12 error D  lib/vendor/libxml/include/libxml/xinclude.h
12 error D  lib/vendor/libxml/include/libxml/xlink.h
12 error D  lib/vendor/libxml/include/libxml/xmlIO.h
12 error D  lib/vendor/libxml/include/libxml/xmlautomata.h
12 error D  lib/vendor/libxml/include/libxml/xmlerror.h
12 error D  lib/vendor/libxml/include/libxml/xmlexports.h
12 error D  lib/vendor/libxml/include/libxml/xmlmemory.h
12 error D  lib/vendor/libxml/include/libxml/xmlmodule.h
12 error D  lib/vendor/libxml/include/libxml/xmlreader.h
12 error D  lib/vendor/libxml/include/libxml/xmlregexp.h
12 error D  lib/vendor/libxml/include/libxml/xmlsave.h
12 error D  lib/vendor/libxml/include/libxml/xmlschemas.h
12 error D  lib/vendor/libxml/include/libxml/xmlschemastypes.h
12 error D  lib/vendor/libxml/include/libxml/xmlstring.h
12 error D  lib/vendor/libxml/include/libxml/xmlunicode.h
12 error D  lib/vendor/libxml/include/libxml/xmlversion.h
12 error D  lib/vendor/libxml/include/libxml/xmlwriter.h
12 error D  lib/vendor/libxml/include/libxml/xpath.h
12 error D  lib/vendor/libxml/include/libxml/xpathInternals.h
12 error D  lib/vendor/libxml/include/libxml/xpointer.h
12 error D  lib/vendor/libxml/include/win32config.h
12 error D  lib/vendor/libxml/include/wsockcompat.h
12 error D  lib/vendor/libxml/legacy.c
12 error D  lib/vendor/libxml/libxml.gyp
12 error D  lib/vendor/libxml/libxml.h
12 error D  lib/vendor/libxml/list.c
12 error D  lib/vendor/libxml/nanoftp.c
12 error D  lib/vendor/libxml/nanohttp.c
12 error D  lib/vendor/libxml/parser.c
12 error D  lib/vendor/libxml/parserInternals.c
12 error D  lib/vendor/libxml/pattern.c
12 error D  lib/vendor/libxml/relaxng.c
12 error D  lib/vendor/libxml/runsuite.c
12 error D  lib/vendor/libxml/save.h
12 error D  lib/vendor/libxml/schematron.c
12 error D  lib/vendor/libxml/threads.c
12 error D  lib/vendor/libxml/timsort.h
12 error D  lib/vendor/libxml/tree.c
12 error D  lib/vendor/libxml/trio.c
12 error D  lib/vendor/libxml/trio.h
12 error D  lib/vendor/libxml/triodef.h
12 error D  lib/vendor/libxml/trionan.c
12 error D  lib/vendor/libxml/trionan.h
12 error D  lib/vendor/libxml/triop.h
12 error D  lib/vendor/libxml/triostr.c
12 error D  lib/vendor/libxml/triostr.h
12 error D  lib/vendor/libxml/uri.c
12 error D  lib/vendor/libxml/valid.c
12 error D  lib/vendor/libxml/xinclude.c
12 error D  lib/vendor/libxml/xlink.c
12 error D  lib/vendor/libxml/xmlIO.c
12 error D  lib/vendor/libxml/xmlcatalog.c
12 error D  lib/vendor/libxml/xmllint.c
12 error D  lib/vendor/libxml/xmlmemory.c
12 error D  lib/vendor/libxml/xmlmodule.c
12 error D  lib/vendor/libxml/xmlreader.c
12 error D  lib/vendor/libxml/xmlregexp.c
12 error D  lib/vendor/libxml/xmlsave.c
12 error D  lib/vendor/libxml/xmlschemas.c
12 error D  lib/vendor/libxml/xmlschemastypes.c
12 error D  lib/vendor/libxml/xmlstring.c
12 error D  lib/vendor/libxml/xmlunicode.c
12 error D  lib/vendor/libxml/xmlwriter.c
12 error D  lib/vendor/libxml/xpath.c
12 error D  lib/vendor/libxml/xpointer.c
12 error D  lib/vendor/libxml/xzlib.c
12 error D  lib/vendor/libxml/xzlib.h
12 error D  lib/xmlsonator.cc
12 error D  package.json
12 error D  readme.md
12 error D  src/npm-debug.log
12 error D  src/test.js
12 error D  src/xml/xml1
12 error D  src/xml/xml10
12 error D  src/xml/xml11
12 error D  src/xml/xml12
12 error D  src/xml/xml2
12 error D  src/xml/xml3
12 error D  src/xml/xml4
12 error D  src/xml/xml5
12 error D  src/xml/xml6
12 error D  src/xml/xml7
12 error D  src/xml/xml8
12 error D  src/xml/xml9
12 error D  src/xmlsonator.js
13 error If you need help, you may report this error at:
13 error     <https://github.com/npm/npm/issues>
14 verbose exit [ 1, true ]
